\BOOKMARK [1][-]{section.1}{\376\377\000I\000n\000t\000r\000o\000d\000u\000c\000t\000i\000o\000n}{}% 1
\BOOKMARK [1][-]{section.2}{\376\377\000R\000S\000A\000\040\000C\000r\000y\000p\000t\000o\000s\000y\000s\000t\000e\000m}{}% 2
\BOOKMARK [2][-]{subsection.2.1}{\376\377\000R\000S\000A\000\040\000B\000a\000c\000k\000g\000r\000o\000u\000n\000d}{section.2}% 3
\BOOKMARK [2][-]{subsection.2.2}{\376\377\000R\000S\000A\000\040\000D\000e\000t\000a\000i\000l\000s}{section.2}% 4
\BOOKMARK [2][-]{subsection.2.3}{\376\377\000K\000n\000o\000w\000n\000\040\000A\000t\000t\000a\000c\000k\000s\000\040\000o\000n\000\040\000R\000S\000A\000\040\000C\000r\000y\000p\000t\000o\000s\000y\000s\000t\000e\000m}{section.2}% 5
\BOOKMARK [3][-]{subsubsection.2.3.1}{\376\377\000F\000a\000c\000t\000o\000r\000i\000n\000g\000\040\000l\000a\000r\000g\000e\000\040\000i\000n\000t\000e\000g\000e\000r\000s}{subsection.2.3}% 6
\BOOKMARK [3][-]{subsubsection.2.3.2}{\376\377\000C\000o\000m\000m\000o\000n\000\040\000M\000o\000d\000u\000l\000u\000s}{subsection.2.3}% 7
\BOOKMARK [3][-]{subsubsection.2.3.3}{\376\377\000L\000o\000w\000\040\000p\000r\000i\000v\000a\000t\000e\000\040\000e\000x\000p\000o\000n\000e\000n\000t\000\040\000a\000t\000t\000a\000c\000k\000s}{subsection.2.3}% 8
\BOOKMARK [3][-]{subsubsection.2.3.4}{\376\377\000L\000o\000w\000\040\000p\000u\000b\000l\000i\000c\000\040\000e\000x\000p\000o\000n\000e\000n\000t\000\040\000a\000t\000t\000a\000c\000k\000s}{subsection.2.3}% 9
\BOOKMARK [3][-]{subsubsection.2.3.5}{\376\377\000A\000t\000t\000a\000c\000k\000s\000\040\000o\000n\000\040\000t\000h\000e\000\040\000i\000m\000p\000l\000e\000m\000e\000n\000t\000a\000t\000i\000o\000n}{subsection.2.3}% 10
\BOOKMARK [1][-]{section.3}{\376\377\000E\000l\000-\000G\000a\000m\000a\000l\000\040\000C\000r\000y\000p\000t\000o\000s\000y\000s\000t\000e\000m}{}% 11
\BOOKMARK [2][-]{subsection.3.1}{\376\377\000D\000i\000f\000f\000i\000e\000-\000H\000e\000l\000l\000m\000a\000n\000\040\000P\000r\000o\000b\000l\000e\000m}{section.3}% 12
\BOOKMARK [2][-]{subsection.3.2}{\376\377\000D\000i\000s\000c\000r\000e\000t\000e\000\040\000L\000o\000g\000a\000r\000i\000t\000h\000m\000\040\000P\000r\000o\000b\000l\000e\000m}{section.3}% 13
\BOOKMARK [3][-]{subsubsection.3.2.1}{\376\377\000E\000x\000h\000a\000u\000s\000t\000i\000v\000e\000\040\000s\000e\000a\000r\000c\000h}{subsection.3.2}% 14
\BOOKMARK [3][-]{subsubsection.3.2.2}{\376\377\000B\000a\000b\000y\000-\000s\000t\000e\000p\000\040\000G\000i\000a\000n\000t\000-\000s\000t\000e\000p\000\040\000a\000l\000g\000o\000r\000i\000t\000h\000m}{subsection.3.2}% 15
\BOOKMARK [3][-]{subsubsection.3.2.3}{\376\377\000P\000o\000l\000l\000a\000r\000d\000'\000s\000\040\000r\000h\000o\000\040\000a\000l\000g\000o\000r\000i\000t\000h\000m}{subsection.3.2}% 16
\BOOKMARK [3][-]{subsubsection.3.2.4}{\376\377\000P\000h\000o\000l\000i\000g\000-\000H\000e\000l\000l\000m\000a\000n\000\040\000a\000l\000g\000o\000r\000i\000t\000h\000m}{subsection.3.2}% 17
\BOOKMARK [3][-]{subsubsection.3.2.5}{\376\377\000I\000n\000d\000e\000x\000-\000c\000a\000l\000c\000u\000l\000u\000s\000\040\000a\000l\000g\000o\000r\000i\000t\000h\000m}{subsection.3.2}% 18
\BOOKMARK [2][-]{subsection.3.3}{\376\377\000B\000a\000s\000i\000c\000\040\000E\000l\000-\000G\000a\000m\000a\000l\000\040\000E\000n\000c\000r\000y\000p\000t\000i\000o\000n}{section.3}% 19
\BOOKMARK [1][-]{section.4}{\376\377\000I\000m\000p\000l\000e\000m\000e\000n\000t\000a\000t\000i\000o\000n}{}% 20
\BOOKMARK [1][-]{section.5}{\376\377\000C\000o\000n\000c\000l\000u\000s\000i\000o\000n}{}% 21
\BOOKMARK [1][-]{section*.2}{\376\377\000R\000e\000f\000e\000r\000e\000n\000c\000e\000s}{}% 22
\BOOKMARK [1][-]{IEEEbiography.0}{\376\377\000B\000i\000o\000g\000r\000a\000p\000h\000i\000e\000s}{}% 23
\BOOKMARK [2][-]{IEEEbiography.1}{\376\377\000Y\000a\000n\000a\000n\000\040\000X\000i\000a\000o}{IEEEbiography.0}% 24
\BOOKMARK [2][-]{IEEEbiography.2}{\376\377\000M\000a\000r\000y\000a\000m\000\040\000A\000l\000\040\000M\000e\000h\000r\000e\000z\000i}{IEEEbiography.0}% 25
